<?xml version="1.0" encoding="utf-8"?><testsuites name="pytest tests"><testsuite name="pytest" errors="0" failures="0" skipped="0" tests="5" time="1.115" timestamp="2026-09-21T22:41:39.153457+00:00" hostname="agent-env-8fe8a48b-006a-4655-8505-80f894097bcf"><testcase classname="backend.tests.test_issue53_live_readonly.TestIssue53LiveReadonly" name="test_mobile_source_uses_live_api_host" time="0.000" /><testcase classname="backend.tests.test_issue53_live_readonly.TestIssue53LiveReadonly" name="test_filters_countries_returns_string_selectors" time="0.225" /><testcase classname="backend.tests.test_issue53_live_readonly.TestIssue53LiveReadonly" name="test_genre_filter_returns_items" time="0.176" /><testcase classname="backend.tests.test_issue53_live_readonly.TestIssue53LiveReadonly" name="test_tv_verify_without_token_is_rejected" time="0.116" /><testcase classname="backend.tests.test_issue53_live_readonly.TestIssue53LiveReadonly" name="test_login_and_get_subscription_shape" time="0.552" /></testsuite></testsuites>