<?xml version="1.0" encoding="utf-8"?><testsuites name="pytest tests"><testsuite name="pytest" errors="0" failures="0" skipped="0" tests="15" time="15.288" timestamp="2026-02-19T20:12:18.533473+00:00" hostname="agent-env-97ef2fb0-d5b6-40dc-a9d9-3a876f4d9afe"><testcase classname="backend.tests.test_radio_stream_issues.TestEnergyNRJWienStation" name="test_station_exists_by_slug" time="0.330" /><testcase classname="backend.tests.test_radio_stream_issues.TestEnergyNRJWienStation" name="test_station_has_valid_stream_url" time="0.221" /><testcase classname="backend.tests.test_radio_stream_issues.TestEnergyNRJWienStation" name="test_stream_resolution_api" time="0.509" /><testcase classname="backend.tests.test_radio_stream_issues.TestEnergyNRJWienStation" name="test_stream_url_is_https" time="0.561" /><testcase classname="backend.tests.test_radio_stream_issues.TestEnergyNRJWienStation" name="test_station_artwork_urls" time="0.847" /><testcase classname="backend.tests.test_radio_stream_issues.TestNowPlayingAPI" name="test_now_playing_for_energy_nrj_wien" time="0.984" /><testcase classname="backend.tests.test_radio_stream_issues.TestNowPlayingAPI" name="test_now_playing_external_metadata_api" time="0.424" /><testcase classname="backend.tests.test_radio_stream_issues.TestNowPlayingAPI" name="test_now_playing_response_has_required_fields" time="0.616" /><testcase classname="backend.tests.test_radio_stream_issues.TestNowPlayingAPI" name="test_now_playing_multiple_stations" time="7.593" /><testcase classname="backend.tests.test_radio_stream_issues.TestStreamProxyFunctionality" name="test_proxy_url_construction" time="0.000" /><testcase classname="backend.tests.test_radio_stream_issues.TestStreamProxyFunctionality" name="test_proxy_endpoint_exists" time="0.203" /><testcase classname="backend.tests.test_radio_stream_issues.TestArtworkURLResolution" name="test_artwork_url_formats" time="1.989" /><testcase classname="backend.tests.test_radio_stream_issues.TestLocalBackendHealth" name="test_root_endpoint" time="0.172" /><testcase classname="backend.tests.test_radio_stream_issues.TestLocalBackendHealth" name="test_status_endpoint" time="0.215" /><testcase classname="backend.tests.test_radio_stream_issues.TestICYMetadataExtraction" name="test_now_playing_attempts_icy_extraction" time="0.511" /></testsuite></testsuites>