<?xml version="1.0" encoding="utf-8"?><testsuites name="pytest tests"><testsuite name="pytest" errors="0" failures="0" skipped="1" tests="10" time="3.857" timestamp="2026-02-19T20:18:46.403155+00:00" hostname="agent-env-97ef2fb0-d5b6-40dc-a9d9-3a876f4d9afe"><testcase classname="backend.tests.test_stream_proxy_issue.TestStreamProxyIssue" name="test_get_station_data" time="0.428" /><testcase classname="backend.tests.test_stream_proxy_issue.TestStreamProxyIssue" name="test_stream_resolution_api" time="0.113" /><testcase classname="backend.tests.test_stream_proxy_issue.TestStreamProxyIssue" name="test_primary_stream_url_accessibility" time="0.032"><skipped type="pytest.skip" message="Primary stream not accessible (expected): HTTPSConnectionPool(host='scdn.nrjaudio.fm', port=443): Max retries exceeded with url: /adwz1/at/36001/mp3_128.mp3 (Caused by NameResolutionError(&quot;HTTPSConnection(host='scdn.nrjaudio.fm', port=443): Failed to resolve 'scdn.nrjaudio.fm' ([Errno -2] Name or service not known)&quot;))">/app/backend/tests/test_stream_proxy_issue.py:71: Primary stream not accessible (expected): HTTPSConnectionPool(host='scdn.nrjaudio.fm', port=443): Max retries exceeded with url: /adwz1/at/36001/mp3_128.mp3 (Caused by NameResolutionError("HTTPSConnection(host='scdn.nrjaudio.fm', port=443): Failed to resolve 'scdn.nrjaudio.fm' ([Errno -2] Name or service not known)"))</skipped></testcase><testcase classname="backend.tests.test_stream_proxy_issue.TestStreamProxyIssue" name="test_urlresolved_stream_accessibility" time="0.843" /><testcase classname="backend.tests.test_stream_proxy_issue.TestStreamProxyIssue" name="test_proxy_endpoint_returns_error" time="0.177" /><testcase classname="backend.tests.test_stream_proxy_issue.TestStreamProxyIssue" name="test_https_stream_no_proxy_needed" time="0.775" /><testcase classname="backend.tests.test_stream_proxy_issue.TestIOSATSConfiguration" name="test_stream_uses_https" time="0.418" /><testcase classname="backend.tests.test_stream_proxy_issue.TestRecommendedFixes" name="test_document_fix_1_use_url_resolved_first" time="1.006" /><testcase classname="backend.tests.test_stream_proxy_issue.TestRecommendedFixes" name="test_document_fix_2_skip_proxy_for_https" time="0.000" /><testcase classname="backend.tests.test_stream_proxy_issue.TestRecommendedFixes" name="test_document_fix_3_ios_ats_settings" time="0.000" /></testsuite></testsuites>