<?xml version="1.0" encoding="utf-8"?><testsuites name="pytest tests"><testsuite name="pytest" errors="0" failures="0" skipped="0" tests="22" time="20.530" timestamp="2026-02-19T22:18:56.198102+00:00" hostname="agent-env-752ae9b9-164d-495a-89d1-8817c4dcc16b"><testcase classname="tests.test_android_stream_issues.TestStationAPIResponses" name="test_arabesk_fm_station_data" time="0.391" /><testcase classname="tests.test_android_stream_issues.TestStationAPIResponses" name="test_penny_live_station_data" time="0.342" /><testcase classname="tests.test_android_stream_issues.TestStationAPIResponses" name="test_austrian_rock_radio_station_data" time="1.020" /><testcase classname="tests.test_android_stream_issues.TestStationAPIResponses" name="test_energy_nrj_wien_has_https_resolved" time="0.357" /><testcase classname="tests.test_android_stream_issues.TestStreamResolutionAPI" name="test_resolve_arabesk_fm_http_stream" time="0.147" /><testcase classname="tests.test_android_stream_issues.TestStreamResolutionAPI" name="test_resolve_penny_live_http_stream" time="0.571" /><testcase classname="tests.test_android_stream_issues.TestStreamResolutionAPI" name="test_resolve_austrian_rock_radio_http_stream" time="0.310" /><testcase classname="tests.test_android_stream_issues.TestHTTPStreamAccessibility" name="test_arabesk_fm_stream_is_accessible" time="0.337" /><testcase classname="tests.test_android_stream_issues.TestHTTPStreamAccessibility" name="test_penny_live_stream_is_accessible" time="0.431" /><testcase classname="tests.test_android_stream_issues.TestHTTPStreamAccessibility" name="test_austrian_rock_radio_stream_is_accessible" time="0.897" /><testcase classname="tests.test_android_stream_issues.TestURLResolvedVsURLLogic" name="test_url_field_priority" time="0.336" /><testcase classname="tests.test_android_stream_issues.TestURLResolvedVsURLLogic" name="test_playlist_url_detection" time="0.000" /><testcase classname="tests.test_android_stream_issues.TestFallbackMechanism" name="test_candidates_returned_by_resolve_api" time="1.190" /><testcase classname="tests.test_android_stream_issues.TestFallbackMechanism" name="test_fallback_candidates_include_both_urls" time="0.328" /><testcase classname="tests.test_android_stream_issues.TestAndroidCleartextTrafficConfig" name="test_uses_cleartext_traffic_enabled" time="0.000" /><testcase classname="tests.test_android_stream_issues.TestAndroidCleartextTrafficConfig" name="test_internet_permission_present" time="0.000" /><testcase classname="tests.test_android_stream_issues.TestNowPlayingMetadataAPI" name="test_now_playing_for_arabesk_fm" time="1.266" /><testcase classname="tests.test_android_stream_issues.TestNowPlayingMetadataAPI" name="test_now_playing_for_penny_live" time="1.713" /><testcase classname="tests.test_android_stream_issues.TestStreamProxyEndpoint" name="test_stream_proxy_url_construction" time="0.000" /><testcase classname="tests.test_android_stream_issues.TestStreamProxyEndpoint" name="test_stream_proxy_endpoint_responds" time="10.053" /><testcase classname="tests.test_android_stream_issues.TestExoPlayerCompatibility" name="test_shoutcast_stream_headers" time="0.315" /><testcase classname="tests.test_android_stream_issues.TestExoPlayerCompatibility" name="test_icecast_stream_headers" time="0.401" /></testsuite></testsuites>