<?xml version="1.0" encoding="utf-8"?><testsuites name="pytest tests"><testsuite name="pytest" errors="0" failures="0" skipped="0" tests="6" time="5.363" timestamp="2026-02-14T18:55:00.063744+00:00" hostname="agent-env-eaf8fc17-ceff-4c79-8493-6f4fed1e1ecb"><testcase classname="tests.test_recently_played_api.TestMegaRadioAuth" name="test_login_returns_valid_token" time="0.825" /><testcase classname="tests.test_recently_played_api.TestMegaRadioAuth" name="test_login_invalid_credentials" time="0.228" /><testcase classname="tests.test_recently_played_api.TestRecentlyPlayedAPI" name="test_get_recently_played_with_auth" time="1.924" /><testcase classname="tests.test_recently_played_api.TestRecentlyPlayedAPI" name="test_get_recently_played_without_auth" time="0.108" /><testcase classname="tests.test_recently_played_api.TestRecentlyPlayedAPI" name="test_post_recently_played_with_auth" time="2.093" /><testcase classname="tests.test_recently_played_api.TestRecentlyPlayedAPI" name="test_post_recently_played_without_auth" time="0.123" /></testsuite></testsuites>