<?xml version="1.0" encoding="utf-8"?><testsuites name="pytest tests"><testsuite name="pytest" errors="0" failures="7" skipped="0" tests="12" time="2.628" timestamp="2026-09-21T21:57:10.105290+00:00" hostname="agent-env-8fe8a48b-006a-4655-8505-80f894097bcf"><testcase classname="backend.tests.test_issue53_live_readonly.TestIssue53LiveReadonly" name="test_mobile_source_uses_live_api_host" time="0.000" /><testcase classname="backend.tests.test_issue53_live_readonly.TestIssue53LiveReadonly" name="test_filters_countries_returns_string_selectors" time="0.293" /><testcase classname="backend.tests.test_issue53_live_readonly.TestIssue53LiveReadonly" name="test_genre_filter_returns_items" time="0.190" /><testcase classname="backend.tests.test_issue53_live_readonly.TestIssue53LiveReadonly" name="test_tv_verify_without_token_is_rejected" time="0.120" /><testcase classname="backend.tests.test_issue53_live_readonly.TestIssue53LiveReadonly" name="test_login_and_get_subscription_shape" time="0.574" /><testcase classname="backend.tests.test_tv_desktop_endpoints.TestStreamResolve" name="test_resolve_icy_stream" time="0.349"><failure message="AssertionError: 404 page not found&#10;  &#10;assert 404 == 200&#10; +  where 404 = &lt;Response [404]&gt;.status_code">backend/tests/test_tv_desktop_endpoints.py:22: in test_resolve_icy_stream
    assert r.status_code == 200, r.text
E   AssertionError: 404 page not found
E     
E   assert 404 == 200
E    +  where 404 = &lt;Response [404]&gt;.status_code</failure></testcase><testcase classname="backend.tests.test_tv_desktop_endpoints.TestStreamResolve" name="test_resolve_bad_scheme" time="0.184"><failure message="assert 404 == 200&#10; +  where 404 = &lt;Response [404]&gt;.status_code">backend/tests/test_tv_desktop_endpoints.py:34: in test_resolve_bad_scheme
    assert r.status_code == 200
E   assert 404 == 200
E    +  where 404 = &lt;Response [404]&gt;.status_code</failure></testcase><testcase classname="backend.tests.test_tv_desktop_endpoints.TestStreamProxy" name="test_proxy_returns_audio" time="0.182"><failure message="AssertionError: 404 page not found&#10;  &#10;assert 404 == 200&#10; +  where 404 = &lt;Response [404]&gt;.status_code">backend/tests/test_tv_desktop_endpoints.py:46: in test_proxy_returns_audio
    assert r.status_code == 200, r.text[:200] if r.content else r.status_code
E   AssertionError: 404 page not found
E     
E   assert 404 == 200
E    +  where 404 = &lt;Response [404]&gt;.status_code</failure></testcase><testcase classname="backend.tests.test_tv_desktop_endpoints.TestStreamProxy" name="test_proxy_bad_scheme" time="0.126"><failure message="assert 404 == 400&#10; +  where 404 = &lt;Response [404]&gt;.status_code">backend/tests/test_tv_desktop_endpoints.py:57: in test_proxy_bad_scheme
    assert r.status_code == 400
E   assert 404 == 400
E    +  where 404 = &lt;Response [404]&gt;.status_code</failure></testcase><testcase classname="backend.tests.test_tv_desktop_endpoints.TestStreamMetadataSSE" name="test_sse_emits_data_event" time="0.170"><failure message="AssertionError: 404 page not found&#10;  &#10;assert 404 == 200&#10; +  where 404 = &lt;Response [404]&gt;.status_code">backend/tests/test_tv_desktop_endpoints.py:70: in test_sse_emits_data_event
    assert r.status_code == 200, r.text[:200]
E   AssertionError: 404 page not found
E     
E   assert 404 == 200
E    +  where 404 = &lt;Response [404]&gt;.status_code</failure></testcase><testcase classname="backend.tests.test_tv_desktop_endpoints.TestTvAppMount" name="test_index_loads" time="0.173"><failure message="assert 404 == 200&#10; +  where 404 = &lt;Response [404]&gt;.status_code">backend/tests/test_tv_desktop_endpoints.py:93: in test_index_loads
    assert r.status_code == 200
E   assert 404 == 200
E    +  where 404 = &lt;Response [404]&gt;.status_code</failure></testcase><testcase classname="backend.tests.test_tv_desktop_endpoints.TestTvAppMount" name="test_assets_served" time="0.117"><failure message="AssertionError: no hashed JS asset reference&#10;assert None">backend/tests/test_tv_desktop_endpoints.py:105: in test_assets_served
    assert m, "no hashed JS asset reference"
E   AssertionError: no hashed JS asset reference
E   assert None</failure></testcase></testsuite></testsuites>