<?xml version="1.0" encoding="utf-8"?><testsuites name="pytest tests"><testsuite name="pytest" errors="0" failures="0" skipped="0" tests="3" time="1.238" timestamp="2026-09-21T22:42:29.565807+00:00" hostname="agent-env-8fe8a48b-006a-4655-8505-80f894097bcf"><testcase classname="backend.tests.test_issue54_live_contracts.TestIssue54LiveContracts" name="test_countries_include_known_names" time="0.308" /><testcase classname="backend.tests.test_issue54_live_contracts.TestIssue54LiveContracts" name="test_popular_country_and_genre_filters_return_results" time="0.449" /><testcase classname="backend.tests.test_issue54_live_contracts.TestIssue54LiveContracts" name="test_subscription_snapshot_allowlisted_artifact" time="0.432" /></testsuite></testsuites>