<?xml version="1.0" encoding="utf-8"?><testsuites name="pytest tests"><testsuite name="pytest" errors="0" failures="0" skipped="0" tests="12" time="12.068" timestamp="2026-02-14T19:51:04.451930+00:00" hostname="agent-env-e0f25857-1b18-4e4b-beee-91db441040ea"><testcase classname="backend.tests.test_genres_recently_played.TestGenresAPI" name="test_get_genres_returns_200" time="1.394" /><testcase classname="backend.tests.test_genres_recently_played.TestGenresAPI" name="test_get_genres_has_required_fields" time="1.371" /><testcase classname="backend.tests.test_genres_recently_played.TestGenresAPI" name="test_get_genre_stations_pop" time="0.674" /><testcase classname="backend.tests.test_genres_recently_played.TestGenresAPI" name="test_get_genre_stations_rock" time="0.674" /><testcase classname="backend.tests.test_genres_recently_played.TestGenresAPI" name="test_genre_stations_have_required_fields" time="0.557" /><testcase classname="backend.tests.test_genres_recently_played.TestRecentlyPlayedAPI" name="test_get_recently_played_without_auth_returns_401" time="0.105" /><testcase classname="backend.tests.test_genres_recently_played.TestRecentlyPlayedAPI" name="test_post_recently_played_without_auth_returns_401" time="0.108" /><testcase classname="backend.tests.test_genres_recently_played.TestRecentlyPlayedAPI" name="test_get_recently_played_with_auth_returns_200" time="1.984" /><testcase classname="backend.tests.test_genres_recently_played.TestRecentlyPlayedAPI" name="test_post_recently_played_with_auth_syncs_station" time="1.556" /><testcase classname="backend.tests.test_genres_recently_played.TestRecentlyPlayedAPI" name="test_get_recently_played_returns_synced_station" time="2.265" /><testcase classname="backend.tests.test_genres_recently_played.TestLoginAPI" name="test_login_returns_valid_token" time="0.754" /><testcase classname="backend.tests.test_genres_recently_played.TestLoginAPI" name="test_login_invalid_credentials_returns_401" time="0.515" /></testsuite></testsuites>