<?xml version="1.0" encoding="utf-8"?><testsuites name="pytest tests"><testsuite name="pytest" errors="0" failures="0" skipped="1" tests="4" time="1.068" timestamp="2026-09-19T12:22:30.543931+00:00" hostname="agent-env-8fe8a48b-006a-4655-8505-80f894097bcf"><testcase classname="backend.tests.test_issue49_live_readonly.TestIssue49ReadonlyChecks" name="test_best_fm_detail_has_expected_slug" time="0.412" /><testcase classname="backend.tests.test_issue49_live_readonly.TestIssue49ReadonlyChecks" name="test_canonical_station_page_uses_slug" time="0.129"><skipped type="pytest.xfail" message="EXTERNAL UNAVAILABLE: canonical /station/best-fm-2 returned 410" /></testcase><testcase classname="backend.tests.test_issue49_live_readonly.TestIssue49ReadonlyChecks" name="test_best_fm_external_unavailable_signal" time="0.247" /><testcase classname="backend.tests.test_issue49_live_readonly.TestIssue49ReadonlyChecks" name="test_virgin_favicon_readonly_status" time="0.208" /></testsuite></testsuites>