<?xml version="1.0" encoding="utf-8"?><testsuites name="pytest tests"><testsuite name="pytest" errors="0" failures="0" skipped="0" tests="7" time="1.862" timestamp="2026-09-19T13:08:03.477527+00:00" hostname="agent-env-8fe8a48b-006a-4655-8505-80f894097bcf"><testcase classname="backend.tests.test_issue51_live_readonly.TestIssue51LiveReadonly" name="test_configured_api_base_is_live_mobile_origin" time="0.001" /><testcase classname="backend.tests.test_issue51_live_readonly.TestIssue51LiveReadonly" name="test_public_profiles_limit_cap_is_100" time="0.507" /><testcase classname="backend.tests.test_issue51_live_readonly.TestIssue51LiveReadonly" name="test_public_profiles_page2_offset_skip_repeat_page1" time="0.550" /><testcase classname="backend.tests.test_issue51_live_readonly.TestIssue51LiveReadonly" name="test_public_profiles_payload_not_explicit_private" time="0.135" /><testcase classname="backend.tests.test_issue51_live_readonly.TestIssue51LiveReadonly" name="test_user_profile_readable_by_id" time="0.277" /><testcase classname="backend.tests.test_issue51_live_readonly.TestIssue51LiveReadonly" name="test_live_aasa_contains_visiongo_identifier" time="0.181" /><testcase classname="backend.tests.test_issue51_live_readonly.TestIssue51LiveReadonly" name="test_live_assetlinks_currently_not_com_megaradio" time="0.148" /></testsuite></testsuites>