<?xml version="1.0" encoding="utf-8"?><testsuites name="pytest tests"><testsuite name="pytest" errors="0" failures="0" skipped="2" tests="11" time="6.906" timestamp="2026-02-14T19:26:40.479167+00:00" hostname="agent-env-eaf8fc17-ceff-4c79-8493-6f4fed1e1ecb"><testcase classname="backend.tests.test_avatar_features.TestAuthAndAvatarAPIs" name="test_login_returns_avatar_url" time="1.659" /><testcase classname="backend.tests.test_avatar_features.TestAuthAndAvatarAPIs" name="test_avatar_url_is_accessible" time="1.169" /><testcase classname="backend.tests.test_avatar_features.TestAuthAndAvatarAPIs" name="test_login_returns_follower_counts" time="0.795" /><testcase classname="backend.tests.test_avatar_features.TestPublicProfiles" name="test_get_public_profiles" time="0.136" /><testcase classname="backend.tests.test_avatar_features.TestPublicProfiles" name="test_public_profile_has_expected_fields" time="0.098" /><testcase classname="backend.tests.test_avatar_features.TestUserProfile" name="test_get_user_favorites" time="0.838"><skipped type="pytest.skip" message="No public profiles available">/app/backend/tests/test_avatar_features.py:188: No public profiles available</skipped></testcase><testcase classname="backend.tests.test_avatar_features.TestUserProfile" name="test_get_user_followers" time="0.551" /><testcase classname="backend.tests.test_avatar_features.TestUserProfile" name="test_get_user_following" time="0.460" /><testcase classname="backend.tests.test_avatar_features.TestUserProfile" name="test_check_is_following" time="0.107"><skipped type="pytest.skip" message="No other users to check following status">/app/backend/tests/test_avatar_features.py:243: No other users to check following status</skipped></testcase><testcase classname="backend.tests.test_avatar_features.TestAvatarUpload" name="test_avatar_upload_endpoint_exists" time="0.889" /><testcase classname="backend.tests.test_avatar_features.TestAvatarUpload" name="test_avatar_upload_requires_auth" time="0.126" /></testsuite></testsuites>