<?xml version="1.0" encoding="utf-8"?><testsuites name="pytest tests"><testsuite name="pytest" errors="0" failures="0" skipped="0" tests="5" time="10.484" timestamp="2026-09-19T00:47:46.882125+00:00" hostname="agent-env-8fe8a48b-006a-4655-8505-80f894097bcf"><testcase classname="tests.test_live_api_readonly.TestLiveApiReadonly" name="test_tv_init_country_germany" time="0.434" /><testcase classname="tests.test_live_api_readonly.TestLiveApiReadonly" name="test_popular_stations_shape" time="0.193" /><testcase classname="tests.test_live_api_readonly.TestLiveApiReadonly" name="test_stations_search_and_filters" time="0.658" /><testcase classname="tests.test_live_api_readonly.TestLiveApiReadonly" name="test_genres_precomputed_and_genre_stations" time="0.405" /><testcase classname="tests.test_live_api_readonly.TestLiveApiReadonly" name="test_countries_now_playing_nearby" time="8.697" /></testsuite></testsuites>