<?xml version="1.0" encoding="utf-8"?><testsuites name="pytest tests"><testsuite name="pytest" errors="0" failures="0" skipped="1" tests="7" time="1.987" timestamp="2026-09-22T13:02:35.182426+00:00" hostname="agent-env-8fe8a48b-006a-4655-8505-80f894097bcf"><testcase classname="backend.tests.test_tv_desktop_endpoints.TestStreamResolve" name="test_resolve_icy_stream" time="0.398" /><testcase classname="backend.tests.test_tv_desktop_endpoints.TestStreamResolve" name="test_resolve_bad_scheme" time="0.154" /><testcase classname="backend.tests.test_tv_desktop_endpoints.TestStreamProxy" name="test_proxy_returns_audio" time="0.449" /><testcase classname="backend.tests.test_tv_desktop_endpoints.TestStreamProxy" name="test_proxy_bad_scheme" time="0.354" /><testcase classname="backend.tests.test_tv_desktop_endpoints.TestStreamMetadataSSE" name="test_sse_emits_data_event" time="0.000"><skipped type="pytest.skip" message="Legacy SSE is unused; current player uses Radiolise WebSocket">/app/backend/tests/test_tv_desktop_endpoints.py:65: Legacy SSE is unused; current player uses Radiolise WebSocket</skipped></testcase><testcase classname="backend.tests.test_tv_desktop_endpoints.TestTvAppMount" name="test_index_loads" time="0.238" /><testcase classname="backend.tests.test_tv_desktop_endpoints.TestTvAppMount" name="test_assets_served" time="0.340" /></testsuite></testsuites>