<?xml version="1.0" encoding="utf-8"?><testsuites name="pytest tests"><testsuite name="pytest" errors="0" failures="0" skipped="1" tests="6" time="3.364" timestamp="2026-02-14T18:54:30.876853+00:00" hostname="agent-env-eaf8fc17-ceff-4c79-8493-6f4fed1e1ecb"><testcase classname="tests.test_recently_played_api.TestMegaRadioAuth" name="test_login_returns_valid_token" time="0.797" /><testcase classname="tests.test_recently_played_api.TestMegaRadioAuth" name="test_login_invalid_credentials" time="0.219" /><testcase classname="tests.test_recently_played_api.TestRecentlyPlayedAPI" name="test_get_recently_played_with_auth" time="1.882" /><testcase classname="tests.test_recently_played_api.TestRecentlyPlayedAPI" name="test_get_recently_played_without_auth" time="0.113" /><testcase classname="tests.test_recently_played_api.TestRecentlyPlayedAPI" name="test_post_recently_played_with_auth" time="0.131"><skipped type="pytest.skip" message="Could not fetch stations to test with">/app/backend/tests/test_recently_played_api.py:195: Could not fetch stations to test with</skipped></testcase><testcase classname="tests.test_recently_played_api.TestRecentlyPlayedAPI" name="test_post_recently_played_without_auth" time="0.105" /></testsuite></testsuites>