<?xml version="1.0" encoding="utf-8"?><testsuites name="pytest tests"><testsuite name="pytest" errors="0" failures="0" skipped="0" tests="7" time="1.902" timestamp="2026-05-01T01:27:24.915675+00:00" hostname="agent-env-cb78f7c2-1acc-4d0f-839f-33575fea28c4"><testcase classname="backend.tests.test_tv_desktop_endpoints.TestStreamResolve" name="test_resolve_icy_stream" time="0.498" /><testcase classname="backend.tests.test_tv_desktop_endpoints.TestStreamResolve" name="test_resolve_bad_scheme" time="0.162" /><testcase classname="backend.tests.test_tv_desktop_endpoints.TestStreamProxy" name="test_proxy_returns_audio" time="0.308" /><testcase classname="backend.tests.test_tv_desktop_endpoints.TestStreamProxy" name="test_proxy_bad_scheme" time="0.155" /><testcase classname="backend.tests.test_tv_desktop_endpoints.TestStreamMetadataSSE" name="test_sse_emits_data_event" time="0.245" /><testcase classname="backend.tests.test_tv_desktop_endpoints.TestTvAppMount" name="test_index_loads" time="0.150" /><testcase classname="backend.tests.test_tv_desktop_endpoints.TestTvAppMount" name="test_assets_served" time="0.283" /></testsuite></testsuites>